<?xml version="1.0" encoding="UTF-8"?>
<!-- Generated by org.testng.reporters.JUnitReportReporter -->
<testsuite skipped="0" hostname="NDI-LAP-464" name="MobileAutomation.TPG.StartApplication" tests="1" failures="0" timestamp="23 Aug 2017 09:50:12 GMT" time="7.812" errors="0">
  <testcase name="launchApp" time="7.812" classname="MobileAutomation.TPG.StartApplication"/>
</testsuite> <!-- MobileAutomation.TPG.StartApplication -->
