<?xml version="1.0" encoding="UTF-8"?>
<!-- Generated by org.testng.reporters.JUnitReportReporter -->
<testsuite skipped="0" hostname="NDI-LAP-464" name="com.app.mobile.test.StartApplicationTest" tests="1" failures="0" timestamp="01 Sep 2017 09:53:04 GMT" time="25.957" errors="0">
  <testcase name="launchAppTest" time="25.957" classname="com.app.mobile.test.StartApplicationTest"/>
</testsuite> <!-- com.app.mobile.test.StartApplicationTest -->
