<?xml version="1.0" encoding="UTF-8"?>
<!-- Generated by org.testng.reporters.JUnitReportReporter -->
<testsuite skipped="0" hostname="NDI-LAP-464" name="com.app.mobile.test.StartApplication" tests="1" failures="0" timestamp="29 Aug 2017 17:34:32 GMT" time="15.657" errors="0">
  <testcase name="launchApp" time="15.657" classname="com.app.mobile.test.StartApplication"/>
</testsuite> <!-- com.app.mobile.test.StartApplication -->
