<?xml version="1.0" encoding="UTF-8"?>
<!-- Generated by org.testng.reporters.JUnitReportReporter -->
<testsuite skipped="0" hostname="NDI-LAP-464" name="com.app.mobile.test.StartApplication" tests="1" failures="0" timestamp="31 Aug 2017 09:03:35 GMT" time="27.142" errors="0">
  <testcase name="launchApp" time="27.142" classname="com.app.mobile.test.StartApplication"/>
</testsuite> <!-- com.app.mobile.test.StartApplication -->
